app/manifest-merger-release-report.txt
-- Merging decision tree log ---
manifest
ADDED from AndroidManifest.xml:2:1
	xmlns:android
		ADDED from AndroidManifest.xml:2:11
	package
		ADDED from AndroidManifest.xml:3:5
		INJECTED from AndroidManifest.xml:0:0
		INJECTED from AndroidManifest.xml:0:0
	android:versionName
		INJECTED from AndroidManifest.xml:0:0
		INJECTED from AndroidManifest.xml:0:0
	android:versionCode
		ADDED from AndroidManifest.xml:4:5
		INJECTED from AndroidManifest.xml:0:0
		INJECTED from AndroidManifest.xml:0:0
uses-sdk
ADDED from AndroidManifest.xml:5:5
MERGED from com.android.support:appcompat-v7:21.0.3:15:5
MERGED from com.android.support:support-v4:21.0.3:15:5
MERGED from com.google.android.gms:play-services:6.5.87:18:5
MERGED from com.android.support:support-v4:21.0.3:15:5
MERGED from com.android.support:support-v4:21.0.3:15:5
	android:targetSdkVersion
		INJECTED from AndroidManifest.xml:0:0
		INJECTED from AndroidManifest.xml:0:0
	android:minSdkVersion
		ADDED from AndroidManifest.xml:5:15
		INJECTED from AndroidManifest.xml:0:0
		INJECTED from AndroidManifest.xml:0:0
uses-permission#android.permission.ACCESS_COARSE_LOCATION
ADDED from AndroidManifest.xml:7:5
	android:name
		ADDED from AndroidManifest.xml:7:22
uses-permission#android.permission.ACCESS_FINE_LOCATION
ADDED from AndroidManifest.xml:8:5
	android:name
		ADDED from AndroidManifest.xml:8:22
uses-permission#android.permission.ACCESS_COARSE_UPDATES
ADDED from AndroidManifest.xml:9:5
	android:name
		ADDED from AndroidManifest.xml:9:22
uses-permission#android.permission.ACCESS_NETWORK_STATE
ADDED from AndroidManifest.xml:10:5
	android:name
		ADDED from AndroidManifest.xml:10:22
uses-permission#android.permission.ACCESS_WIFI_STATE
ADDED from AndroidManifest.xml:11:5
	android:name
		ADDED from AndroidManifest.xml:11:22
uses-permission#android.permission.BLUETOOTH
ADDED from AndroidManifest.xml:12:5
	android:name
		ADDED from AndroidManifest.xml:12:22
uses-permission#android.permission.BLUETOOTH_ADMIN
ADDED from AndroidManifest.xml:13:5
	android:name
		ADDED from AndroidManifest.xml:13:22
uses-permission#android.permission.CHANGE_WIFI_STATE
ADDED from AndroidManifest.xml:14:5
	android:name
		ADDED from AndroidManifest.xml:14:22
uses-permission#android.permission.WAKE_LOCK
ADDED from AndroidManifest.xml:15:5
	android:name
		ADDED from AndroidManifest.xml:15:22
uses-permission#android.permission.CHANGE_NETWORK_STATE
ADDED from AndroidManifest.xml:16:5
	android:name
		ADDED from AndroidManifest.xml:16:22
uses-permission#android.permission.INTERNET
ADDED from AndroidManifest.xml:17:5
	android:name
		ADDED from AndroidManifest.xml:17:22
uses-permission#android.permission.READ_PHONE_STATE
ADDED from AndroidManifest.xml:18:5
	android:name
		ADDED from AndroidManifest.xml:18:22
uses-permission#android.permission.RECEIVE_BOOT_COMPLETED
ADDED from AndroidManifest.xml:19:5
	android:name
		ADDED from AndroidManifest.xml:19:22
uses-permission#android.permission.READ_EXTERNAL_STORAGE
ADDED from AndroidManifest.xml:20:5
	android:name
		ADDED from AndroidManifest.xml:20:22
uses-permission#android.permission.WRITE_EXTERNAL_STORAGE
ADDED from AndroidManifest.xml:21:5
	android:name
		ADDED from AndroidManifest.xml:21:22
uses-permission#android.permission.READ_LOGS
ADDED from AndroidManifest.xml:23:5
	android:name
		ADDED from AndroidManifest.xml:23:22
application
ADDED from AndroidManifest.xml:25:5
MERGED from com.android.support:appcompat-v7:21.0.3:16:5
MERGED from com.android.support:support-v4:21.0.3:16:5
MERGED from com.google.android.gms:play-services:6.5.87:20:5
MERGED from com.android.support:support-v4:21.0.3:16:5
MERGED from com.android.support:support-v4:21.0.3:16:5
	android:label
		ADDED from AndroidManifest.xml:29:9
	android:allowBackup
		ADDED from AndroidManifest.xml:27:9
	android:icon
		ADDED from AndroidManifest.xml:28:9
	android:theme
		ADDED from AndroidManifest.xml:31:9
	android:largeHeap
		ADDED from AndroidManifest.xml:30:9
	android:name
		ADDED from AndroidManifest.xml:26:9
receiver#fr.inria.es.electrosmart.services.AlarmReceiver
ADDED from AndroidManifest.xml:32:9
	android:exported
		ADDED from AndroidManifest.xml:34:13
	android:name
		ADDED from AndroidManifest.xml:33:13
intent-filter#android.intent.action.NOTIFY
ADDED from AndroidManifest.xml:35:13
action#android.intent.action.NOTIFY
ADDED from AndroidManifest.xml:36:17
	android:name
		ADDED from AndroidManifest.xml:36:25
meta-data#DATABASE
ADDED from AndroidManifest.xml:39:9
	android:name
		ADDED from AndroidManifest.xml:39:20
	android:value
		ADDED from AndroidManifest.xml:39:44
meta-data#VERSION
ADDED from AndroidManifest.xml:40:9
	android:name
		ADDED from AndroidManifest.xml:40:20
	android:value
		ADDED from AndroidManifest.xml:40:43
meta-data#AA_MODELS
ADDED from AndroidManifest.xml:40:9
	android:name
		ADDED from AndroidManifest.xml:41:13
	android:value
		ADDED from AndroidManifest.xml:40:9
meta-data#QUERY_LOG
ADDED from AndroidManifest.xml:48:9
	android:name
		ADDED from AndroidManifest.xml:48:20
	android:value
		ADDED from AndroidManifest.xml:48:49
meta-data#AA_DB_VERSION
ADDED from AndroidManifest.xml:49:9
	android:name
		ADDED from AndroidManifest.xml:49:20
	android:value
		ADDED from AndroidManifest.xml:49:55
meta-data#DOMAIN_PACKAGE_NAME
ADDED from AndroidManifest.xml:48:9
	android:name
		ADDED from AndroidManifest.xml:49:13
	android:value
		ADDED from AndroidManifest.xml:50:13
meta-data#com.google.android.gms.version
ADDED from AndroidManifest.xml:51:9
MERGED from com.google.android.gms:play-services:6.5.87:21:9
	android:name
		ADDED from AndroidManifest.xml:52:13
	android:value
		ADDED from AndroidManifest.xml:51:9
activity#fr.inria.es.electrosmart.activities.MainActivity
ADDED from AndroidManifest.xml:57:9
	android:screenOrientation
		ADDED from AndroidManifest.xml:57:9
	android:label
		ADDED from AndroidManifest.xml:57:9
	android:name
		ADDED from AndroidManifest.xml:59:23
intent-filter#android.intent.action.MAIN+android.intent.category.LAUNCHER
ADDED from AndroidManifest.xml:60:13
action#android.intent.action.MAIN
ADDED from AndroidManifest.xml:61:17
	android:name
		ADDED from AndroidManifest.xml:61:25
category#android.intent.category.LAUNCHER
ADDED from AndroidManifest.xml:63:17
	android:name
		ADDED from AndroidManifest.xml:63:25
receiver#fr.inria.es.electrosmart.services.OnBootBroadcastReceiver
ADDED from AndroidManifest.xml:78:9
	android:name
		ADDED from AndroidManifest.xml:79:13
intent-filter#android.intent.action.BOOT_COMPLETED
ADDED from AndroidManifest.xml:78:9
action#android.intent.action.BOOT_COMPLETED
ADDED from AndroidManifest.xml:77:9
	android:name
		ADDED from AndroidManifest.xml:78:13
service#fr.inria.es.electrosmart.services.MainServiceMonitor
ADDED from AndroidManifest.xml:82:9
	android:name
		ADDED from AndroidManifest.xml:83:13
service#fr.inria.es.electrosmart.notification.esServiceRequest
ADDED from AndroidManifest.xml:90:9
	android:name
		ADDED from AndroidManifest.xml:91:13
service#fr.inria.es.electrosmart.services.esCacheRequest
ADDED from AndroidManifest.xml:90:9
	android:name
		ADDED from AndroidManifest.xml:91:13
activity#fr.inria.es.electrosmart.settings.LocationPanel
ADDED from AndroidManifest.xml:96:9
	android:screenOrientation
		ADDED from AndroidManifest.xml:96:9
	android:noHistory
		ADDED from AndroidManifest.xml:96:9
	android:label
		ADDED from AndroidManifest.xml:98:13
	android:name
		ADDED from AndroidManifest.xml:97:13
activity#fr.inria.es.electrosmart.settings.esDataUsage
ADDED from AndroidManifest.xml:100:9
	android:screenOrientation
		ADDED from AndroidManifest.xml:103:13
	android:noHistory
		ADDED from AndroidManifest.xml:102:13
	android:label
		ADDED from AndroidManifest.xml:104:13
	android:name
		ADDED from AndroidManifest.xml:101:13
activity#fr.inria.es.electrosmart.settings.esAbout
ADDED from AndroidManifest.xml:106:9
	android:screenOrientation
		ADDED from AndroidManifest.xml:109:13
	android:noHistory
		ADDED from AndroidManifest.xml:108:13
	android:label
		ADDED from AndroidManifest.xml:110:13
	android:name
		ADDED from AndroidManifest.xml:107:13
activity#fr.inria.es.electrosmart.settings.esLocation
ADDED from AndroidManifest.xml:112:9
	android:screenOrientation
		ADDED from AndroidManifest.xml:115:13
	android:noHistory
		ADDED from AndroidManifest.xml:114:13
	android:label
		ADDED from AndroidManifest.xml:116:13
	android:name
		ADDED from AndroidManifest.xml:113:13
activity#fr.inria.es.electrosmart.settings.esSelectedLocation
ADDED from AndroidManifest.xml:120:1
	android:screenOrientation
		ADDED from AndroidManifest.xml:120:1
	android:noHistory
		ADDED from AndroidManifest.xml:120:1
	android:label
		ADDED from AndroidManifest.xml:120:1
	android:name
		ADDED from AndroidManifest.xml:120:1
activity#fr.inria.es.electrosmart.settings.esBluetoothSettings
ADDED from AndroidManifest.xml:123:1
	android:screenOrientation
		ADDED from AndroidManifest.xml:123:1
	android:noHistory
		ADDED from AndroidManifest.xml:123:1
	android:label
		ADDED from AndroidManifest.xml:123:1
	android:name
		ADDED from AndroidManifest.xml:123:1
activity#fr.inria.es.electrosmart.notification.esNotificationHistory
ADDED from AndroidManifest.xml:128:1
	android:screenOrientation
		ADDED from AndroidManifest.xml:128:1
	android:noHistory
		ADDED from AndroidManifest.xml:128:1
	android:label
		ADDED from AndroidManifest.xml:128:1
	android:name
		ADDED from AndroidManifest.xml:128:1
activity#fr.inria.es.electrosmart.settings.esWiFiSettings
ADDED from AndroidManifest.xml:133:1
	android:screenOrientation
		ADDED from AndroidManifest.xml:133:1
	android:noHistory
		ADDED from AndroidManifest.xml:133:1
	android:label
		ADDED from AndroidManifest.xml:133:1
	android:name
		ADDED from AndroidManifest.xml:133:1